Arguments: 
  C:\Program Files\nodejs\node.exe C:\Users\dave\AppData\Roaming\npm\node_modules\yarn\bin\yarn.js test

PATH: 
  C:\Users\dave\bin;C:\Program Files\Git\mingw64\bin;C:\Program Files\Git\usr\local\bin;C:\Program Files\Git\usr\bin;C:\Program Files\Git\usr\bin;C:\Program Files\Git\mingw64\bin;C:\Program Files\Git\usr\bin;C:\Users\dave\bin;C:\Windows\system32;C:\Windows;C:\Windows\System32\Wbem;C:\Windows\System32\WindowsPowerShell\v1.0;C:\Program Files\nodejs;C:\Program Files\Git\cmd;C:\Go\bin;C:\Program Files\Microsoft VS Code\bin;C:\Users\dave\Anaconda3;C:\Users\dave\Anaconda3\Library\mingw-w64\bin;C:\Users\dave\Anaconda3\Library\usr\bin;C:\Users\dave\Anaconda3\Library\bin;C:\Users\dave\Anaconda3\Scripts;C:\Users\dave\AppData\Roaming\npm;C:\Program Files\Heroku\bin;C:\Program Files\Microsoft VS Code\bin;C:\Program Files\MongoDB\bin;C:\Program Files (x86)\Atmel\Flip 3.4.7\bin;%GOPATH%\bin;C:\Program Files\Git\usr\bin\vendor_perl;C:\Program Files\Git\usr\bin\core_perl

Yarn version: 
  1.5.1

Node version: 
  8.9.1

Platform: 
  win32 x64

npm manifest: 
  {
  	"name": "brudner-ui",
  	"version": "1.0.1",
  	"description": "",
  	"main": "index.js",
  	"scripts": {
  		"test": "jest",
  		"test:watch": "jest --watch",
  		"build": "rm -rf ./lib && tsc",
  		"prepare": "yarn build",
  		"docs:build": "webpack",
  		"dev": "webpack-dev-server"
  	},
  	"keywords": [],
  	"author": "",
  	"license": "ISC",
  	"devDependencies": {
  		"@types/enzyme": "^3.1.14",
  		"@types/jest": "^23.3.2",
  		"@types/react": "^16.4.14",
  		"@types/react-dom": "^16.0.7",
  		"awesome-typescript-loader": "^5.2.1",
  		"enzyme": "^3.6.0",
  		"enzyme-adapter-react-16": "^1.5.0",
  		"jest": "^23.6.0",
  		"react": "^16.5.1",
  		"react-dom": "^16.5.1",
  		"react-test-renderer": "^16.5.1",
  		"source-map": "^0.7.3",
  		"source-map-loader": "^0.2.4",
  		"styled-components": "^3.4.8",
  		"typescript": "^3.0.3",
  		"webpack": "^4.19.1",
  		"webpack-cli": "^3.1.0",
  		"webpack-dev-server": "^3.1.8"
  	},
  	"jest": {
  		"setupFiles": [
  			"<rootDir>/test-setup.js"
  		],
  		"moduleFileExtensions": [
  			"ts",
  			"tsx",
  			"js"
  		],
  		"transform": {
  			"^.+\\.(ts|tsx)$": "<rootDir>/test-preprocess.js"
  		},
  		"testMatch": [
  			"**/__tests__/*.(ts|tsx|js)"
  		]
  	}
  }

yarn manifest: 
  No manifest

Lockfile: 
  No lockfile

Trace: 
  Error: Command failed.
  Exit code: 1
  Command: C:\Windows\system32\cmd.exe
  Arguments: /d /s /c jest
  Directory: C:\Users\dave\Desktop\brudner-ui
  Output:
  
      at ProcessTermError.MessageError (C:\Users\dave\AppData\Roaming\npm\node_modules\yarn\lib\cli.js:186:110)
      at new ProcessTermError (C:\Users\dave\AppData\Roaming\npm\node_modules\yarn\lib\cli.js:226:113)
      at ChildProcess.<anonymous> (C:\Users\dave\AppData\Roaming\npm\node_modules\yarn\lib\cli.js:30281:17)
      at emitTwo (events.js:126:13)
      at ChildProcess.emit (events.js:214:7)
      at maybeClose (internal/child_process.js:925:16)
      at Process.ChildProcess._handle.onexit (internal/child_process.js:209:5)
